C51 COMPILER V9.59.0.0   IIC                                                               04/06/2024 15:58:47 PAGE 1   


C51 COMPILER V9.59.0.0, COMPILATION OF MODULE IIC
OBJECT MODULE PLACED IN .\Objects\iic.obj
COMPILER INVOKED BY: E:\keil5\C51\BIN\C51.EXE iic.c OPTIMIZE(8,SPEED) BROWSE DEBUG OBJECTEXTEND PRINT(.\Listings\iic.lst
                    -) OBJECT(.\Objects\iic.obj)

line level    source

   1          /*      #   I2C代码片段说明
   2                  1.      本文件夹中提供的驱动代码供参赛选手完成程序设计参考。
   3                  2.      参赛选手可以自行编写相关代码或以该代码为基础，根据所选单片机类型、
             -行速度和试题
   4                          中对单片机时钟频率的要求，进行代码调试和修改。
   5          */
   6          #include <STC15F2K60S2.H>
   7          #include <intrins.h>
   8          sbit sda=P2^1;
   9          sbit scl=P2^0;
  10          #define DELAY_TIME      10
  11          
  12          //
  13          static void I2C_Delay(unsigned char n)
  14          {
  15   1          do
  16   1          {
  17   2              _nop_();_nop_();_nop_();_nop_();_nop_();
  18   2              _nop_();_nop_();_nop_();_nop_();_nop_();
  19   2              _nop_();_nop_();_nop_();_nop_();_nop_();                
  20   2          }
  21   1          while(n--);         
  22   1      }
  23          
  24          //
  25          void I2CStart(void)
  26          {
  27   1          sda = 1;
  28   1          scl = 1;
  29   1              I2C_Delay(DELAY_TIME);
  30   1          sda = 0;
  31   1              I2C_Delay(DELAY_TIME);
  32   1          scl = 0;    
  33   1      }
  34          
  35          //
  36          void I2CStop(void)
  37          {
  38   1          sda = 0;
  39   1          scl = 1;
  40   1              I2C_Delay(DELAY_TIME);
  41   1          sda = 1;
  42   1              I2C_Delay(DELAY_TIME);
  43   1      }
  44          
  45          //
  46          void I2CSendByte(unsigned char byt)
  47          {
  48   1          unsigned char i;
  49   1              
  50   1          for(i=0; i<8; i++){
  51   2              scl = 0;
  52   2                      I2C_Delay(DELAY_TIME);
  53   2              if(byt & 0x80){
C51 COMPILER V9.59.0.0   IIC                                                               04/06/2024 15:58:47 PAGE 2   

  54   3                  sda = 1;
  55   3              }
  56   2              else{
  57   3                  sda = 0;
  58   3              }
  59   2                      I2C_Delay(DELAY_TIME);
  60   2              scl = 1;
  61   2              byt <<= 1;
  62   2                      I2C_Delay(DELAY_TIME);
  63   2          }
  64   1              
  65   1          scl = 0;  
  66   1      }
  67          
  68          //
  69          unsigned char I2CReceiveByte(void)
  70          {
  71   1              unsigned char da;
  72   1              unsigned char i;
  73   1              for(i=0;i<8;i++){   
  74   2                      scl = 1;
  75   2                      I2C_Delay(DELAY_TIME);
  76   2                      da <<= 1;
  77   2                      if(sda) 
  78   2                              da |= 0x01;
  79   2                      scl = 0;
  80   2                      I2C_Delay(DELAY_TIME);
  81   2              }
  82   1              return da;    
  83   1      }
  84          
  85          //
  86          unsigned char I2CWaitAck(void)
  87          {
  88   1              unsigned char ackbit;
  89   1              
  90   1          scl = 1;
  91   1              I2C_Delay(DELAY_TIME);
  92   1          ackbit = sda; 
  93   1          scl = 0;
  94   1              I2C_Delay(DELAY_TIME);
  95   1              
  96   1              return ackbit;
  97   1      }
  98          
  99          //
 100          void I2CSendAck(unsigned char ackbit)
 101          {
 102   1          scl = 0;
 103   1          sda = ackbit; 
 104   1              I2C_Delay(DELAY_TIME);
 105   1          scl = 1;
 106   1              I2C_Delay(DELAY_TIME);
 107   1          scl = 0; 
 108   1              sda = 1;
 109   1              I2C_Delay(DELAY_TIME);
 110   1      }
 111          void DA_Write(unsigned char dat)
 112          {
 113   1              I2CStart();
 114   1              I2CSendByte(0x90);
 115   1              I2CWaitAck();
C51 COMPILER V9.59.0.0   IIC                                                               04/06/2024 15:58:47 PAGE 3   

 116   1              I2CSendByte(0x41);
 117   1              I2CWaitAck();
 118   1              I2CSendByte(dat);
 119   1              I2CWaitAck();
 120   1              I2CStop();
 121   1      }
 122          void eeprom_write(unsigned char *String,unsigned char addr,unsigned char num)
 123          {
 124   1              I2CStart();
 125   1              I2CSendByte(0xa0);
 126   1              I2CWaitAck();
 127   1              I2CSendByte(addr);
 128   1              I2CWaitAck();
 129   1              while(num--)
 130   1              {
 131   2                      I2CSendByte(*String++);
 132   2                      I2CWaitAck();
 133   2              }
 134   1              I2CStop();
 135   1      }
 136          void eeprom_read(unsigned char *String,unsigned char addr,unsigned char num)
 137          {
 138   1              I2CStart();
 139   1              I2CSendByte(0xa0);
 140   1              I2CWaitAck();
 141   1              I2CSendByte(addr);
 142   1              I2CWaitAck();
 143   1              
 144   1              I2CStart();
 145   1              I2CSendByte(0xa1);
 146   1              I2CWaitAck();
 147   1              while(num--)
 148   1              {
 149   2                      *String++=I2CReceiveByte();
 150   2                      if(num) I2CSendAck(0);
 151   2                      else I2CSendAck(1);
 152   2              }
 153   1              I2CStop();
 154   1      }


MODULE INFORMATION:   STATIC OVERLAYABLE
   CODE SIZE        =    350    ----
   CONSTANT SIZE    =   ----    ----
   XDATA SIZE       =   ----    ----
   PDATA SIZE       =   ----    ----
   DATA SIZE        =   ----      10
   IDATA SIZE       =   ----    ----
   BIT SIZE         =   ----    ----
END OF MODULE INFORMATION.


C51 COMPILATION COMPLETE.  0 WARNING(S),  0 ERROR(S)
