C51 COMPILER V9.59.0.0   IIC                                                               04/12/2024 22:01:06 PAGE 1   


C51 COMPILER V9.59.0.0, COMPILATION OF MODULE IIC
OBJECT MODULE PLACED IN .\Objects\iic.obj
COMPILER INVOKED BY: E:\keil5\C51\BIN\C51.EXE iic.c OPTIMIZE(8,SPEED) BROWSE DEBUG OBJECTEXTEND PRINT(.\Listings\iic.lst
                    -) OBJECT(.\Objects\iic.obj)

line level    source

   1          /*      #   I2C代码片段说明
   2                  1.      本文件夹中提供的驱动代码供参赛选手完成程序设计参考。
   3                  2.      参赛选手可以自行编写相关代码或以该代码为基础，根据所选单片机类型、
             -行速度和试题
   4                          中对单片机时钟频率的要求，进行代码调试和修改。
   5          */
   6          #include <STC15F2K60S2.H>
   7          #include <iic.h>
   8          #include <intrins.h>
   9          
  10          sbit sda = P2^1;
  11          sbit scl = P2^0;
  12          
  13          #define DELAY_TIME      5
  14          
  15          //
  16          static void I2C_Delay(unsigned char n)
  17          {
  18   1          do
  19   1          {
  20   2              _nop_();_nop_();_nop_();_nop_();_nop_();
  21   2              _nop_();_nop_();_nop_();_nop_();_nop_();
  22   2              _nop_();_nop_();_nop_();_nop_();_nop_();                
  23   2          }
  24   1          while(n--);         
  25   1      }
  26          
  27          //
  28          void I2CStart(void)
  29          {
  30   1          sda = 1;
  31   1          scl = 1;
  32   1              I2C_Delay(DELAY_TIME);
  33   1          sda = 0;
  34   1              I2C_Delay(DELAY_TIME);
  35   1          scl = 0;    
  36   1      }
  37          
  38          //
  39          void I2CStop(void)
  40          {
  41   1          sda = 0;
  42   1          scl = 1;
  43   1              I2C_Delay(DELAY_TIME);
  44   1          sda = 1;
  45   1              I2C_Delay(DELAY_TIME);
  46   1      }
  47          
  48          //
  49          void I2CSendByte(unsigned char byt)
  50          {
  51   1          unsigned char i;
  52   1              
  53   1          for(i=0; i<8; i++){
C51 COMPILER V9.59.0.0   IIC                                                               04/12/2024 22:01:06 PAGE 2   

  54   2              scl = 0;
  55   2                      I2C_Delay(DELAY_TIME);
  56   2              if(byt & 0x80){
  57   3                  sda = 1;
  58   3              }
  59   2              else{
  60   3                  sda = 0;
  61   3              }
  62   2                      I2C_Delay(DELAY_TIME);
  63   2              scl = 1;
  64   2              byt <<= 1;
  65   2                      I2C_Delay(DELAY_TIME);
  66   2          }
  67   1              
  68   1          scl = 0;  
  69   1      }
  70          
  71          //
  72          unsigned char I2CReceiveByte(void)
  73          {
  74   1              unsigned char da;
  75   1              unsigned char i;
  76   1              for(i=0;i<8;i++){   
  77   2                      scl = 1;
  78   2                      I2C_Delay(DELAY_TIME);
  79   2                      da <<= 1;
  80   2                      if(sda) 
  81   2                              da |= 0x01;
  82   2                      scl = 0;
  83   2                      I2C_Delay(DELAY_TIME);
  84   2              }
  85   1              return da;    
  86   1      }
  87          
  88          //
  89          unsigned char I2CWaitAck(void)
  90          {
  91   1              unsigned char ackbit;
  92   1              
  93   1          scl = 1;
  94   1              I2C_Delay(DELAY_TIME);
  95   1          ackbit = sda; 
  96   1          scl = 0;
  97   1              I2C_Delay(DELAY_TIME);
  98   1              
  99   1              return ackbit;
 100   1      }
 101          
 102          //
 103          void I2CSendAck(unsigned char ackbit)
 104          {
 105   1          scl = 0;
 106   1          sda = ackbit; 
 107   1              I2C_Delay(DELAY_TIME);
 108   1          scl = 1;
 109   1              I2C_Delay(DELAY_TIME);
 110   1          scl = 0; 
 111   1              sda = 1;
 112   1              I2C_Delay(DELAY_TIME);
 113   1      }
 114          
 115          unsigned char AD_read(unsigned char addr)
C51 COMPILER V9.59.0.0   IIC                                                               04/12/2024 22:01:06 PAGE 3   

 116          {
 117   1              unsigned char temp;
 118   1              I2CStart();
 119   1              I2CSendByte(0x90);
 120   1              I2CWaitAck();
 121   1              I2CSendByte(addr);
 122   1              I2CWaitAck();
 123   1              
 124   1              I2CStart();
 125   1              I2CSendByte(0x91);
 126   1              I2CWaitAck();
 127   1              temp=I2CReceiveByte();
 128   1              I2CSendAck(1);
 129   1              I2CStop();
 130   1              return temp;
 131   1      }
 132          
 133          void EEPROM_Write(unsigned char *String,addr,num)
 134          {
 135   1              I2CStart();
 136   1              I2CSendByte(0xa0);
 137   1              I2CWaitAck();
 138   1              I2CSendByte(addr);
 139   1              I2CWaitAck();
 140   1              while(num--)
 141   1              {
 142   2                      I2CSendByte(*String++);
 143   2                      I2CWaitAck();
 144   2              }
 145   1              I2CStop();
 146   1      }
 147          void EEPROM_Read(unsigned char *String,addr,num)
 148          {
 149   1              I2CStart();
 150   1              I2CSendByte(0xa0);
 151   1              I2CWaitAck();
 152   1              I2CSendByte(addr);
 153   1              I2CWaitAck();
 154   1              
 155   1              I2CStart();
 156   1              I2CSendByte(0xa1);
 157   1              I2CWaitAck();
 158   1              while(num--)
 159   1              {
 160   2                      *String++=I2CReceiveByte();
 161   2                      if(num) 
 162   2                              I2CSendAck(0);
 163   2                      else
 164   2                              I2CSendAck(1);
 165   2              }
 166   1              I2CStop();
 167   1      }


MODULE INFORMATION:   STATIC OVERLAYABLE
   CODE SIZE        =    375    ----
   CONSTANT SIZE    =   ----    ----
   XDATA SIZE       =   ----    ----
   PDATA SIZE       =   ----    ----
   DATA SIZE        =   ----      14
   IDATA SIZE       =   ----    ----
   BIT SIZE         =   ----    ----
C51 COMPILER V9.59.0.0   IIC                                                               04/12/2024 22:01:06 PAGE 4   

END OF MODULE INFORMATION.


C51 COMPILATION COMPLETE.  0 WARNING(S),  0 ERROR(S)
